03-12-2015 @ 02:34:32 - Payment arguments for order 297: Array
(
    [back_urls] => Array
        (
            [success] => http://dox.mx/memberadmin/?page_id=6&#038;order-received=297&#038;key=wc_order_5500fb380259e
            [failure] => http://dox.mx/memberadmin/?page_id=5&cancel_order=true&order=wc_order_5500fb380259e&order_id=297&redirect&_wpnonce=d7248e5247
            [pending] => http://dox.mx/memberadmin/?page_id=6&#038;order-received=297&#038;key=wc_order_5500fb380259e
        )

    [payer] => Array
        (
            [name] => Guillermo
            [surname] => Carranza
            [email] => correo@menteinteractiva.com
        )

    [external_reference] => DSO-297
    [items] => Array
        (
            [0] => Array
                (
                    [quantity] => 1
                    [unit_price] => 5
                    [currency_id] => MXN
                    [title] => Pedido 297 - 3x1 x 1
                )

        )

)

03-12-2015 @ 02:34:32 - Getting client credentials...
03-12-2015 @ 02:34:32 - Received valid response from MercadoPago
03-12-2015 @ 02:34:33 - Payment link generated with success from MercadoPago
